<?xml version="1.0" encoding="UTF-8"?>
<robot generator="Robot 3.2.1 (Python 3.6.8 on linux)" generated="20201214 01:11:45.048" rpa="false">
<suite id="s1" name="Testsuite" source="/workspace/robotmk/test/fixtures/robot/002/testsuite.robot">
<test id="s1-t1" name="Testcase 1">
<kw name="MyFooKeyword">
<kw name="MyBarKeyword">
<kw name="MyBazKeyword">
<kw name="Sleep" library="BuiltIn">
<doc>Pauses the test executed for the given time.</doc>
<arguments>
<arg>1</arg>
</arguments>
<msg timestamp="20201214 01:11:46.073" level="INFO">Slept 1 second</msg>
<status status="PASS" starttime="20201214 01:11:45.073" endtime="20201214 01:11:46.073"></status>
</kw>
<status status="PASS" starttime="20201214 01:11:45.072" endtime="20201214 01:11:46.073"></status>
</kw>
<status status="PASS" starttime="20201214 01:11:45.072" endtime="20201214 01:11:46.074"></status>
</kw>
<status status="PASS" starttime="20201214 01:11:45.072" endtime="20201214 01:11:46.074"></status>
</kw>
<status status="PASS" starttime="20201214 01:11:45.071" endtime="20201214 01:11:46.074" critical="yes"></status>
</test>
<status status="PASS" starttime="20201214 01:11:45.048" endtime="20201214 01:11:46.075"></status>
</suite>
<statistics>
<total>
<stat pass="1" fail="0">Critical Tests</stat>
<stat pass="1" fail="0">All Tests</stat>
</total>
<tag>
</tag>
<suite>
<stat pass="1" fail="0" id="s1" name="Testsuite">Testsuite</stat>
</suite>
</statistics>
<errors>
</errors>
</robot>
