<?xml version="1.0" encoding="UTF-8"?>
<robot generator="Robot 3.2.1 (Python 3.6.8 on linux)" generated="20200529 18:25:33.119" rpa="false">
<suite id="s1" name="1S 2T fail" source="/workspace/robotmk/test/fixtures/robot/1S_2T_fail">
<suite id="s1-s1" name="1 Simpletest" source="/workspace/robotmk/test/fixtures/robot/1S_2T_fail/1_simpletest.robot">
<test id="s1-s1-t1" name="This first test fails">
<kw name="Ten is the same as hundred">
<kw name="Should Be Equal As Integers" library="BuiltIn">
<doc>Fails if objects are unequal after converting them to integers.</doc>
<arguments>
<arg>10</arg>
<arg>100</arg>
<arg>Numbers are not equal</arg>
</arguments>
<msg timestamp="20200529 18:25:33.147" level="FAIL">Numbers are not equal: 10 != 100</msg>
<status status="FAIL" starttime="20200529 18:25:33.147" endtime="20200529 18:25:33.147"></status>
</kw>
<status status="FAIL" starttime="20200529 18:25:33.146" endtime="20200529 18:25:33.147"></status>
</kw>
<status status="FAIL" starttime="20200529 18:25:33.146" endtime="20200529 18:25:33.148" critical="yes">Numbers are not equal: 10 != 100</status>
</test>
<test id="s1-s1-t2" name="This second test fails">
<kw name="Hundred is the same as Ten">
<kw name="Should Be Equal As Integers" library="BuiltIn">
<doc>Fails if objects are unequal after converting them to integers.</doc>
<arguments>
<arg>100</arg>
<arg>10</arg>
<arg>Numbers are not equal</arg>
</arguments>
<msg timestamp="20200529 18:25:33.149" level="FAIL">Numbers are not equal: 100 != 10</msg>
<status status="FAIL" starttime="20200529 18:25:33.149" endtime="20200529 18:25:33.149"></status>
</kw>
<status status="FAIL" starttime="20200529 18:25:33.148" endtime="20200529 18:25:33.149"></status>
</kw>
<status status="FAIL" starttime="20200529 18:25:33.148" endtime="20200529 18:25:33.149" critical="yes">Numbers are not equal: 100 != 10</status>
</test>
<status status="FAIL" starttime="20200529 18:25:33.144" endtime="20200529 18:25:33.150"></status>
</suite>
<status status="FAIL" starttime="20200529 18:25:33.120" endtime="20200529 18:25:33.151"></status>
</suite>
<statistics>
<total>
<stat pass="0" fail="2">Critical Tests</stat>
<stat pass="0" fail="2">All Tests</stat>
</total>
<tag>
</tag>
<suite>
<stat pass="0" fail="2" id="s1" name="1S 2T fail">1S 2T fail</stat>
<stat pass="0" fail="2" id="s1-s1" name="1 Simpletest">1S 2T fail.1 Simpletest</stat>
</suite>
</statistics>
<errors>
</errors>
</robot>
